SF:/mnt/dev-1/Development/google/dart/projects/xml2json/lib/src/Xml2JsonGData.dart
DA:25,1
DA:28,1
DA:31,2
DA:32,2
DA:33,4
DA:34,0
DA:35,4
DA:36,0
DA:38,3
DA:40,1
DA:42,1
DA:43,2
DA:44,1
DA:46,4
DA:47,2
DA:48,2
DA:49,1
DA:50,1
DA:51,4
DA:52,2
DA:53,1
DA:54,2
DA:55,3
DA:57,1
DA:58,3
DA:62,1
DA:63,3
DA:64,2
DA:65,1
DA:66,2
DA:68,2
DA:72,2
DA:73,0
DA:74,2
DA:75,3
DA:77,1
DA:80,4
DA:81,4
DA:83,1
DA:85,4
DA:86,4
DA:88,1
DA:91,2
DA:92,2
DA:93,3
DA:94,1
DA:96,1
DA:97,1
DA:98,3
DA:99,2
DA:101,2
DA:102,2
DA:103,1
DA:108,2
DA:116,1
DA:118,0
DA:119,0
DA:121,1
end_of_record
SF:/mnt/dev-1/Development/google/dart/projects/xml2json/lib/src/Xml2Json.dart
DA:46,1
DA:50,1
DA:51,1
DA:53,2
DA:55,2
DA:56,1
DA:62,1
DA:63,1
DA:67,1
DA:69,2
DA:71,0
DA:79,1
DA:80,1
DA:84,1
DA:86,2
DA:88,0
DA:96,1
DA:97,1
DA:101,1
DA:103,2
DA:105,0
end_of_record
SF:/mnt/dev-1/Development/google/dart/projects/xml2json/lib/src/Xml2JsonException.dart
DA:17,1
DA:19,2
end_of_record
SF:/mnt/dev-1/Development/google/dart/projects/xml2json/lib/src/Xml2JsonParker.dart
DA:38,1
DA:39,3
DA:40,2
DA:41,3
DA:42,2
DA:43,2
DA:44,4
DA:45,2
DA:47,3
DA:48,3
DA:50,4
DA:51,2
DA:52,1
DA:53,1
DA:55,2
DA:56,1
DA:60,1
DA:64,4
DA:65,3
DA:67,1
DA:68,4
DA:69,3
DA:80,2
DA:82,0
DA:83,0
DA:86,1
end_of_record
SF:/mnt/dev-1/Development/google/dart/projects/xml2json/lib/src/Xml2JsonUtils.dart
DA:16,1
DA:17,1
DA:18,1
DA:19,1
DA:20,1
DA:21,1
DA:22,1
DA:29,1
DA:30,1
DA:31,1
DA:32,1
DA:33,1
DA:34,1
DA:35,5
DA:43,1
DA:44,1
DA:45,1
DA:46,1
end_of_record
SF:/mnt/dev-1/Development/google/dart/projects/xml2json/lib/src/Xml2JsonBadgerfish.dart
DA:42,1
DA:45,1
DA:48,2
DA:49,2
DA:50,4
DA:51,0
DA:52,4
DA:53,0
DA:55,3
DA:57,1
DA:59,1
DA:60,2
DA:61,4
DA:62,2
DA:63,2
DA:64,1
DA:65,1
DA:66,5
DA:67,2
DA:68,3
DA:69,2
DA:70,3
DA:72,1
DA:73,3
DA:77,1
DA:78,3
DA:79,2
DA:80,1
DA:81,2
DA:83,1
DA:84,2
DA:85,3
DA:89,2
DA:90,2
DA:91,2
DA:92,3
DA:94,1
DA:96,4
DA:97,4
DA:99,1
DA:101,2
DA:102,2
DA:103,3
DA:104,1
DA:106,4
DA:107,4
DA:111,2
DA:119,1
DA:121,0
DA:122,0
DA:124,1
end_of_record
